{
	"stats": {
		"suites": 5,
		"tests": 13,
		"passes": 13,
		"pending": 0,
		"failures": 0,
		"start": "2026-03-08T19:18:36.098Z",
		"end": "2026-03-08T19:18:57.644Z",
		"duration": 21546,
		"testsRegistered": 13,
		"passPercent": 100,
		"pendingPercent": 0,
		"other": 0,
		"hasOther": false,
		"skipped": 0,
		"hasSkipped": false
	},
	"results": [
		{
			"uuid": "26ea8cd9-2bc3-46c5-b2f1-5715608287f4",
			"title": "",
			"fullFile": "cypress/e2e/Hillel-Qauto/sign-in-form.cy.js",
			"file": "cypress/e2e/Hillel-Qauto/sign-in-form.cy.js",
			"beforeHooks": [],
			"afterHooks": [],
			"tests": [],
			"suites": [
				{
					"uuid": "abc630f8-4f59-446e-8896-5fa0faeb4d2a",
					"title": "SignIn form  functionality",
					"fullFile": "",
					"file": "",
					"beforeHooks": [],
					"afterHooks": [],
					"tests": [],
					"suites": [
						{
							"uuid": "1518ab9d-ce79-4532-b9da-c287edd06dc6",
							"title": "SignIn form - is opened",
							"fullFile": "",
							"file": "",
							"beforeHooks": [],
							"afterHooks": [],
							"tests": [
								{
									"title": "SignIn form window",
									"fullTitle": "SignIn form  functionality SignIn form - is opened SignIn form window",
									"timedOut": null,
									"duration": 3487,
									"state": "passed",
									"speed": "fast",
									"pass": true,
									"fail": false,
									"pending": false,
									"context": null,
									"code": "_SignInForm.default.signInForm.should('be.visible');",
									"err": {},
									"uuid": "361cbc91-0d64-4fc4-81de-ef951dfbd7c7",
									"parentUUID": "1518ab9d-ce79-4532-b9da-c287edd06dc6",
									"isHook": false,
									"skipped": false
								}
							],
							"suites": [],
							"passes": ["361cbc91-0d64-4fc4-81de-ef951dfbd7c7"],
							"failures": [],
							"pending": [],
							"skipped": [],
							"duration": 3487,
							"root": false,
							"rootEmpty": false,
							"_timeout": 2000
						},
						{
							"uuid": "c5022d73-c368-4716-b24e-b488b933117e",
							"title": "SignIn form validation",
							"fullFile": "",
							"file": "",
							"beforeHooks": [],
							"afterHooks": [],
							"tests": [
								{
									"title": "SignIn form - Header",
									"fullTitle": "SignIn form  functionality SignIn form validation SignIn form - Header",
									"timedOut": null,
									"duration": 1521,
									"state": "passed",
									"speed": "fast",
									"pass": true,
									"fail": false,
									"pending": false,
									"context": null,
									"code": "_SignInForm.default.headerLogin.should('have.text', 'Log in');",
									"err": {},
									"uuid": "e20fa6c7-b18c-4c26-b3d4-d28b92abad8f",
									"parentUUID": "c5022d73-c368-4716-b24e-b488b933117e",
									"isHook": false,
									"skipped": false
								},
								{
									"title": "Login button isn`t active",
									"fullTitle": "SignIn form  functionality SignIn form validation Login button isn`t active",
									"timedOut": null,
									"duration": 1071,
									"state": "passed",
									"speed": "fast",
									"pass": true,
									"fail": false,
									"pending": false,
									"context": null,
									"code": "_SignInForm.default.loginButton.should('be.disabled');",
									"err": {},
									"uuid": "17404d32-69c1-432b-9a2f-0665bb4fbee2",
									"parentUUID": "c5022d73-c368-4716-b24e-b488b933117e",
									"isHook": false,
									"skipped": false
								},
								{
									"title": "Email field is present",
									"fullTitle": "SignIn form  functionality SignIn form validation Email field is present",
									"timedOut": null,
									"duration": 1043,
									"state": "passed",
									"speed": "fast",
									"pass": true,
									"fail": false,
									"pending": false,
									"context": null,
									"code": "_SignInForm.default.emailField.should('be.visible');",
									"err": {},
									"uuid": "0d90c45b-d862-4420-a956-ee1a4d4ae0eb",
									"parentUUID": "c5022d73-c368-4716-b24e-b488b933117e",
									"isHook": false,
									"skipped": false
								},
								{
									"title": "Password field is present",
									"fullTitle": "SignIn form  functionality SignIn form validation Password field is present",
									"timedOut": null,
									"duration": 1292,
									"state": "passed",
									"speed": "fast",
									"pass": true,
									"fail": false,
									"pending": false,
									"context": null,
									"code": "_SignInForm.default.passwordField.should('be.visible');",
									"err": {},
									"uuid": "01d65dd1-3a9b-47af-92d8-0f1a7f8f6abd",
									"parentUUID": "c5022d73-c368-4716-b24e-b488b933117e",
									"isHook": false,
									"skipped": false
								},
								{
									"title": "Remember me checkbox is present",
									"fullTitle": "SignIn form  functionality SignIn form validation Remember me checkbox is present",
									"timedOut": null,
									"duration": 1225,
									"state": "passed",
									"speed": "fast",
									"pass": true,
									"fail": false,
									"pending": false,
									"context": null,
									"code": "_SignInForm.default.rememberMeCheckbox.should('be.visible');",
									"err": {},
									"uuid": "ce72772f-7577-4e6e-bb04-8b894684ae8e",
									"parentUUID": "c5022d73-c368-4716-b24e-b488b933117e",
									"isHook": false,
									"skipped": false
								},
								{
									"title": "Remember me checkbox is checked",
									"fullTitle": "SignIn form  functionality SignIn form validation Remember me checkbox is checked",
									"timedOut": null,
									"duration": 1109,
									"state": "passed",
									"speed": "fast",
									"pass": true,
									"fail": false,
									"pending": false,
									"context": null,
									"code": "_SignInForm.default.rememberMeCheckbox.check().should('be.checked');",
									"err": {},
									"uuid": "3a5ad878-bac8-4c8b-9748-46ba939116b2",
									"parentUUID": "c5022d73-c368-4716-b24e-b488b933117e",
									"isHook": false,
									"skipped": false
								},
								{
									"title": "Remember me checkbox is unchecked",
									"fullTitle": "SignIn form  functionality SignIn form validation Remember me checkbox is unchecked",
									"timedOut": null,
									"duration": 1046,
									"state": "passed",
									"speed": "fast",
									"pass": true,
									"fail": false,
									"pending": false,
									"context": null,
									"code": "_SignInForm.default.rememberMeCheckbox.should('not.be.checked');",
									"err": {},
									"uuid": "8e463578-1beb-4cf8-92c5-f2cce25815bb",
									"parentUUID": "c5022d73-c368-4716-b24e-b488b933117e",
									"isHook": false,
									"skipped": false
								},
								{
									"title": "Forgot password button is present",
									"fullTitle": "SignIn form  functionality SignIn form validation Forgot password button is present",
									"timedOut": null,
									"duration": 914,
									"state": "passed",
									"speed": "fast",
									"pass": true,
									"fail": false,
									"pending": false,
									"context": null,
									"code": "_SignInForm.default.forgotPasswordButton.should('be.visible');",
									"err": {},
									"uuid": "dda0bdbc-ee62-4a96-92d4-14c1ef70d214",
									"parentUUID": "c5022d73-c368-4716-b24e-b488b933117e",
									"isHook": false,
									"skipped": false
								},
								{
									"title": "Registration button is present",
									"fullTitle": "SignIn form  functionality SignIn form validation Registration button is present",
									"timedOut": null,
									"duration": 989,
									"state": "passed",
									"speed": "fast",
									"pass": true,
									"fail": false,
									"pending": false,
									"context": null,
									"code": "_SignInForm.default.registrationButton.should('be.visible');",
									"err": {},
									"uuid": "66afb684-09f7-45f9-8484-61429765cfa4",
									"parentUUID": "c5022d73-c368-4716-b24e-b488b933117e",
									"isHook": false,
									"skipped": false
								}
							],
							"suites": [],
							"passes": [
								"e20fa6c7-b18c-4c26-b3d4-d28b92abad8f",
								"17404d32-69c1-432b-9a2f-0665bb4fbee2",
								"0d90c45b-d862-4420-a956-ee1a4d4ae0eb",
								"01d65dd1-3a9b-47af-92d8-0f1a7f8f6abd",
								"ce72772f-7577-4e6e-bb04-8b894684ae8e",
								"3a5ad878-bac8-4c8b-9748-46ba939116b2",
								"8e463578-1beb-4cf8-92c5-f2cce25815bb",
								"dda0bdbc-ee62-4a96-92d4-14c1ef70d214",
								"66afb684-09f7-45f9-8484-61429765cfa4"
							],
							"failures": [],
							"pending": [],
							"skipped": [],
							"duration": 10210,
							"root": false,
							"rootEmpty": false,
							"_timeout": 2000
						},
						{
							"uuid": "56d0b978-9c63-4138-9bfa-daedac83d6da",
							"title": "SignUp form - fields validation",
							"fullFile": "",
							"file": "",
							"beforeHooks": [],
							"afterHooks": [],
							"tests": [
								{
									"title": "Email field validation",
									"fullTitle": "SignIn form  functionality SignUp form - fields validation Email field validation",
									"timedOut": null,
									"duration": 1298,
									"state": "passed",
									"speed": "fast",
									"pass": true,
									"fail": false,
									"pending": false,
									"context": null,
									"code": "_SignInForm.default.emailValidation();",
									"err": {},
									"uuid": "ee393d5d-3acb-4647-9ba8-0029a13c168d",
									"parentUUID": "56d0b978-9c63-4138-9bfa-daedac83d6da",
									"isHook": false,
									"skipped": false
								},
								{
									"title": "Password field validation",
									"fullTitle": "SignIn form  functionality SignUp form - fields validation Password field validation",
									"timedOut": null,
									"duration": 1220,
									"state": "passed",
									"speed": "fast",
									"pass": true,
									"fail": false,
									"pending": false,
									"context": null,
									"code": "_SignInForm.default.passwordValidation();",
									"err": {},
									"uuid": "7a65e994-bc32-44a4-ae52-bc1f36a1fe45",
									"parentUUID": "56d0b978-9c63-4138-9bfa-daedac83d6da",
									"isHook": false,
									"skipped": false
								}
							],
							"suites": [],
							"passes": ["ee393d5d-3acb-4647-9ba8-0029a13c168d", "7a65e994-bc32-44a4-ae52-bc1f36a1fe45"],
							"failures": [],
							"pending": [],
							"skipped": [],
							"duration": 2518,
							"root": false,
							"rootEmpty": false,
							"_timeout": 2000
						},
						{
							"uuid": "38cba787-2300-4f3a-91a4-92c03e18da00",
							"title": "Successful login validation",
							"fullFile": "",
							"file": "",
							"beforeHooks": [],
							"afterHooks": [],
							"tests": [
								{
									"title": "Login with credentials",
									"fullTitle": "SignIn form  functionality Successful login validation Login with credentials",
									"timedOut": null,
									"duration": 3135,
									"state": "passed",
									"speed": "fast",
									"pass": true,
									"fail": false,
									"pending": false,
									"context": null,
									"code": "_SignInForm.default.succsessfulLogin();",
									"err": {},
									"uuid": "4c83b1a7-004d-4df8-b974-7b8fda76144c",
									"parentUUID": "38cba787-2300-4f3a-91a4-92c03e18da00",
									"isHook": false,
									"skipped": false
								}
							],
							"suites": [],
							"passes": ["4c83b1a7-004d-4df8-b974-7b8fda76144c"],
							"failures": [],
							"pending": [],
							"skipped": [],
							"duration": 3135,
							"root": false,
							"rootEmpty": false,
							"_timeout": 2000
						}
					],
					"passes": [],
					"failures": [],
					"pending": [],
					"skipped": [],
					"duration": 0,
					"root": false,
					"rootEmpty": false,
					"_timeout": 2000
				}
			],
			"passes": [],
			"failures": [],
			"pending": [],
			"skipped": [],
			"duration": 0,
			"root": true,
			"rootEmpty": true,
			"_timeout": 2000
		}
	],
	"meta": {
		"mocha": {
			"version": "7.2.0"
		},
		"mochawesome": {
			"options": {
				"quiet": false,
				"reportFilename": "mochawesome",
				"saveHtml": true,
				"saveJson": true,
				"consoleReporter": "spec",
				"useInlineDiffs": false,
				"code": true
			},
			"version": "7.1.4"
		},
		"marge": {
			"options": null,
			"version": "6.3.2"
		}
	}
}
